
> backend@1.0.0 dev
> nodemon server.js

[33m[nodemon] 3.1.11[39m
[33m[nodemon] to restart at any time, enter `rs`[39m
[33m[nodemon] watching path(s): *.*[39m
[33m[nodemon] watching extensions: js,mjs,cjs,json[39m
[32m[nodemon] starting `node server.js`[39m
[dotenv@17.2.3] injecting env (3) from .env -- tip: рҹӣ пёҸ  run anywhere with `dotenvx run -- yourcommand`
[dotenv@17.2.3] injecting env (0) from .env -- tip: рҹ‘Ҙ sync secrets across teammates & machines: https://dotenvx.com/ops
/Users/abdulgaffarbello/ACETEL Digital Thesis Repository System (ADTRS)/backend/controllers/thesisController.js:307
};
^

SyntaxError: Unexpected token '}'
    at wrapSafe (node:internal/modules/cjs/loader:1464:18)
    at Module._compile (node:internal/modules/cjs/loader:1495:20)
    at Module._extensions..js (node:internal/modules/cjs/loader:1623:10)
    at Module.load (node:internal/modules/cjs/loader:1266:32)
    at Module._load (node:internal/modules/cjs/loader:1091:12)
    at Module.require (node:internal/modules/cjs/loader:1289:19)
    at require (node:internal/modules/helpers:182:18)
    at Object.<anonymous> (/Users/abdulgaffarbello/ACETEL Digital Thesis Repository System (ADTRS)/backend/routes/thesisRoutes.js:2:125)
    at Module._compile (node:internal/modules/cjs/loader:1521:14)
    at Module._extensions..js (node:internal/modules/cjs/loader:1623:10)

Node.js v20.20.0
[31m[nodemon] app crashed - waiting for file changes before starting...[39m
[32m[nodemon] restarting due to changes...[39m
[32m[nodemon] starting `node server.js`[39m
[dotenv@17.2.3] injecting env (3) from .env -- tip: вҡҷпёҸ  specify custom .env file path with { path: '/custom/path/.env' }
[32m[nodemon] restarting due to changes...[39m
[dotenv@17.2.3] injecting env (0) from .env -- tip: вҡҷпёҸ  specify custom .env file path with { path: '/custom/path/.env' }
/Users/abdulgaffarbello/ACETEL Digital Thesis Repository System (ADTRS)/backend/controllers/thesisController.js:307
};
^

SyntaxError: Unexpected token '}'
    at wrapSafe (node:internal/modules/cjs/loader:1464:18)
    at Module._compile (node:internal/modules/cjs/loader:1495:20)
    at Module._extensions..js (node:internal/modules/cjs/loader:1623:10)
    at Module.load (node:internal/modules/cjs/loader:1266:32)
    at Module._load (node:internal/modules/cjs/loader:1091:12)
    at Module.require (node:internal/modules/cjs/loader:1289:19)
    at require (node:internal/modules/helpers:182:18)
    at Object.<anonymous> (/Users/abdulgaffarbello/ACETEL Digital Thesis Repository System (ADTRS)/backend/routes/thesisRoutes.js:2:125)
    at Module._compile (node:internal/modules/cjs/loader:1521:14)
    at Module._extensions..js (node:internal/modules/cjs/loader:1623:10)

Node.js v20.20.0
[32m[nodemon] starting `node server.js`[39m
[dotenv@17.2.3] injecting env (3) from .env -- tip: рҹ—ӮпёҸ backup and recover secrets: https://dotenvx.com/ops
[dotenv@17.2.3] injecting env (0) from .env -- tip: рҹ”„ add secrets lifecycle management: https://dotenvx.com/ops
/Users/abdulgaffarbello/ACETEL Digital Thesis Repository System (ADTRS)/backend/controllers/thesisController.js:307
};
^

SyntaxError: Unexpected token '}'
    at wrapSafe (node:internal/modules/cjs/loader:1464:18)
    at Module._compile (node:internal/modules/cjs/loader:1495:20)
    at Module._extensions..js (node:internal/modules/cjs/loader:1623:10)
    at Module.load (node:internal/modules/cjs/loader:1266:32)
    at Module._load (node:internal/modules/cjs/loader:1091:12)
    at Module.require (node:internal/modules/cjs/loader:1289:19)
    at require (node:internal/modules/helpers:182:18)
    at Object.<anonymous> (/Users/abdulgaffarbello/ACETEL Digital Thesis Repository System (ADTRS)/backend/routes/thesisRoutes.js:2:125)
    at Module._compile (node:internal/modules/cjs/loader:1521:14)
    at Module._extensions..js (node:internal/modules/cjs/loader:1623:10)

Node.js v20.20.0
[31m[nodemon] app crashed - waiting for file changes before starting...[39m
[32m[nodemon] restarting due to changes...[39m
[32m[nodemon] starting `node server.js`[39m
[dotenv@17.2.3] injecting env (3) from .env -- tip: рҹ”җ prevent building .env in docker: https://dotenvx.com/prebuild
[dotenv@17.2.3] injecting env (0) from .env -- tip: рҹ“Ў add observability to secrets: https://dotenvx.com/ops
/Users/abdulgaffarbello/ACETEL Digital Thesis Repository System (ADTRS)/backend/controllers/thesisController.js:307
};
^

SyntaxError: Unexpected token '}'
    at wrapSafe (node:internal/modules/cjs/loader:1464:18)
    at Module._compile (node:internal/modules/cjs/loader:1495:20)
    at Module._extensions..js (node:internal/modules/cjs/loader:1623:10)
    at Module.load (node:internal/modules/cjs/loader:1266:32)
    at Module._load (node:internal/modules/cjs/loader:1091:12)
    at Module.require (node:internal/modules/cjs/loader:1289:19)
    at require (node:internal/modules/helpers:182:18)
    at Object.<anonymous> (/Users/abdulgaffarbello/ACETEL Digital Thesis Repository System (ADTRS)/backend/routes/thesisRoutes.js:2:125)
    at Module._compile (node:internal/modules/cjs/loader:1521:14)
    at Module._extensions..js (node:internal/modules/cjs/loader:1623:10)

Node.js v20.20.0
[31m[nodemon] app crashed - waiting for file changes before starting...[39m
[32m[nodemon] restarting due to changes...[39m
[32m[nodemon] starting `node server.js`[39m
[dotenv@17.2.3] injecting env (3) from .env -- tip: вҡҷпёҸ  override existing env vars with { override: true }
[dotenv@17.2.3] injecting env (0) from .env -- tip: вҡҷпёҸ  write to custom object with { processEnv: myObject }
/Users/abdulgaffarbello/ACETEL Digital Thesis Repository System (ADTRS)/backend/controllers/thesisController.js:307
};
^

SyntaxError: Unexpected token '}'
    at wrapSafe (node:internal/modules/cjs/loader:1464:18)
    at Module._compile (node:internal/modules/cjs/loader:1495:20)
    at Module._extensions..js (node:internal/modules/cjs/loader:1623:10)
    at Module.load (node:internal/modules/cjs/loader:1266:32)
    at Module._load (node:internal/modules/cjs/loader:1091:12)
    at Module.require (node:internal/modules/cjs/loader:1289:19)
    at require (node:internal/modules/helpers:182:18)
    at Object.<anonymous> (/Users/abdulgaffarbello/ACETEL Digital Thesis Repository System (ADTRS)/backend/routes/thesisRoutes.js:2:125)
    at Module._compile (node:internal/modules/cjs/loader:1521:14)
    at Module._extensions..js (node:internal/modules/cjs/loader:1623:10)

Node.js v20.20.0
[31m[nodemon] app crashed - waiting for file changes before starting...[39m
[32m[nodemon] restarting due to changes...[39m
[32m[nodemon] starting `node server.js`[39m
[32m[nodemon] restarting due to changes...[39m
[32m[nodemon] starting `node server.js`[39m
[dotenv@17.2.3] injecting env (3) from .env -- tip: рҹ”җ encrypt with Dotenvx: https://dotenvx.com
[dotenv@17.2.3] injecting env (0) from .env -- tip: вҡҷпёҸ  enable debug logging with { debug: true }
/Users/abdulgaffarbello/ACETEL Digital Thesis Repository System (ADTRS)/backend/controllers/thesisController.js:307
};
^

SyntaxError: Unexpected token '}'
    at wrapSafe (node:internal/modules/cjs/loader:1464:18)
    at Module._compile (node:internal/modules/cjs/loader:1495:20)
    at Module._extensions..js (node:internal/modules/cjs/loader:1623:10)
    at Module.load (node:internal/modules/cjs/loader:1266:32)
    at Module._load (node:internal/modules/cjs/loader:1091:12)
    at Module.require (node:internal/modules/cjs/loader:1289:19)
    at require (node:internal/modules/helpers:182:18)
    at Object.<anonymous> (/Users/abdulgaffarbello/ACETEL Digital Thesis Repository System (ADTRS)/backend/routes/thesisRoutes.js:2:125)
    at Module._compile (node:internal/modules/cjs/loader:1521:14)
    at Module._extensions..js (node:internal/modules/cjs/loader:1623:10)

Node.js v20.20.0
[31m[nodemon] app crashed - waiting for file changes before starting...[39m
