
> backend@1.0.0 dev
> nodemon server.js

[33m[nodemon] 3.1.11[39m
[33m[nodemon] to restart at any time, enter `rs`[39m
[33m[nodemon] watching path(s): *.*[39m
[33m[nodemon] watching extensions: js,mjs,cjs,json[39m
[32m[nodemon] starting `node server.js`[39m
[dotenv@17.2.3] injecting env (3) from .env -- tip: ⚙️  specify custom .env file path with { path: '/custom/path/.env' }
[dotenv@17.2.3] injecting env (0) from .env -- tip: ⚙️  enable debug logging with { debug: true }
/Users/abdulgaffarbello/ACETEL Digital Thesis Repository System (ADTRS)/backend/controllers/thesisController.js:303
    getPublicTheses,
    ^

ReferenceError: getPublicTheses is not defined
    at Object.<anonymous> (/Users/abdulgaffarbello/ACETEL Digital Thesis Repository System (ADTRS)/backend/controllers/thesisController.js:303:5)
    at Module._compile (node:internal/modules/cjs/loader:1521:14)
    at Module._extensions..js (node:internal/modules/cjs/loader:1623:10)
    at Module.load (node:internal/modules/cjs/loader:1266:32)
    at Module._load (node:internal/modules/cjs/loader:1091:12)
    at Module.require (node:internal/modules/cjs/loader:1289:19)
    at require (node:internal/modules/helpers:182:18)
    at Object.<anonymous> (/Users/abdulgaffarbello/ACETEL Digital Thesis Repository System (ADTRS)/backend/routes/thesisRoutes.js:2:125)
    at Module._compile (node:internal/modules/cjs/loader:1521:14)
    at Module._extensions..js (node:internal/modules/cjs/loader:1623:10)

Node.js v20.20.0
[31m[nodemon] app crashed - waiting for file changes before starting...[39m
[32m[nodemon] restarting due to changes...[39m
[32m[nodemon] starting `node server.js`[39m
[dotenv@17.2.3] injecting env (3) from .env -- tip: ⚙️  enable debug logging with { debug: true }
[dotenv@17.2.3] injecting env (0) from .env -- tip: ⚙️  suppress all logs with { quiet: true }
Server running on port 5001
[32m[nodemon] clean exit - waiting for changes before restart[39m
[32m[nodemon] restarting due to changes...[39m
[32m[nodemon] starting `node server.js`[39m
[dotenv@17.2.3] injecting env (3) from .env -- tip: 🔑 add access controls to secrets: https://dotenvx.com/ops
[dotenv@17.2.3] injecting env (0) from .env -- tip: 🛠️  run anywhere with `dotenvx run -- yourcommand`
Server running on port 5001
[32m[nodemon] clean exit - waiting for changes before restart[39m
[32m[nodemon] restarting due to changes...[39m
[32m[nodemon] starting `node server.js`[39m
[32m[nodemon] restarting due to changes...[39m
[32m[nodemon] starting `node server.js`[39m
[dotenv@17.2.3] injecting env (3) from .env -- tip: ⚙️  override existing env vars with { override: true }
[dotenv@17.2.3] injecting env (0) from .env -- tip: ⚙️  load multiple .env files with { path: ['.env.local', '.env'] }
Server running on port 5001
[32m[nodemon] clean exit - waiting for changes before restart[39m
[32m[nodemon] restarting due to changes...[39m
[32m[nodemon] starting `node server.js`[39m
[dotenv@17.2.3] injecting env (3) from .env -- tip: 👥 sync secrets across teammates & machines: https://dotenvx.com/ops
[dotenv@17.2.3] injecting env (0) from .env -- tip: ✅ audit secrets and track compliance: https://dotenvx.com/ops
Server running on port 5001
[32m[nodemon] clean exit - waiting for changes before restart[39m
[32m[nodemon] restarting due to changes...[39m
[32m[nodemon] starting `node server.js`[39m
[32m[nodemon] restarting due to changes...[39m
[32m[nodemon] starting `node server.js`[39m
[dotenv@17.2.3] injecting env (3) from .env -- tip: ⚙️  suppress all logs with { quiet: true }
[dotenv@17.2.3] injecting env (0) from .env -- tip: ⚙️  load multiple .env files with { path: ['.env.local', '.env'] }
Server running on port 5001
[32m[nodemon] clean exit - waiting for changes before restart[39m
[32m[nodemon] restarting child process[39m
[32m[nodemon] starting `node server.js`[39m
[dotenv@17.2.3] injecting env (3) from .env -- tip: 🔐 encrypt with Dotenvx: https://dotenvx.com
[dotenv@17.2.3] injecting env (0) from .env -- tip: ⚙️  write to custom object with { processEnv: myObject }
Server running on port 5001
Login attempt for: superadmin@acetel.noun.edu.ng
Connected to the PostgreSQL database
Password match: true
Decoded Token: { user_id: 5, role: 'Super Admin', iat: 1769784076, exp: 1772376076 }
User found: { user_id: 5, role: 'Super Admin', programme: null, degree: null }
Checking Role: User=Super Admin, Required=Super Admin,Centre Admin
Decoded Token: { user_id: 5, role: 'Super Admin', iat: 1769784076, exp: 1772376076 }
Decoded Token: { user_id: 5, role: 'Super Admin', iat: 1769784076, exp: 1772376076 }
User found: { user_id: 5, role: 'Super Admin', programme: null, degree: null }
Checking Role: User=Super Admin, Required=Super Admin,Centre Admin
Connected to the PostgreSQL database
User found: { user_id: 5, role: 'Super Admin', programme: null, degree: null }
Checking Role: User=Super Admin, Required=Super Admin,Centre Admin
Decoded Token: { user_id: 5, role: 'Super Admin', iat: 1769784076, exp: 1772376076 }
User found: { user_id: 5, role: 'Super Admin', programme: null, degree: null }
Checking Role: User=Super Admin, Required=Super Admin,Centre Admin
Decoded Token: { user_id: 5, role: 'Super Admin', iat: 1769784076, exp: 1772376076 }
Connected to the PostgreSQL database
User found: { user_id: 5, role: 'Super Admin', programme: null, degree: null }
Checking Role: User=Super Admin, Required=Student,Centre Admin,Super Admin
error: value "202420242026" is out of range for type integer
    at /Users/abdulgaffarbello/ACETEL Digital Thesis Repository System (ADTRS)/backend/node_modules/pg-pool/index.js:45:11
    at process.processTicksAndRejections (node:internal/process/task_queues:95:5)
    at async createThesis (/Users/abdulgaffarbello/ACETEL Digital Thesis Repository System (ADTRS)/backend/controllers/thesisController.js:139:27) {
  length: 156,
  severity: 'ERROR',
  code: '22003',
  detail: undefined,
  hint: undefined,
  position: undefined,
  internalPosition: undefined,
  internalQuery: undefined,
  where: "unnamed portal parameter $10 = '...'",
  schema: undefined,
  table: undefined,
  column: undefined,
  dataType: undefined,
  constraint: undefined,
  file: 'numutils.c',
  line: '611',
  routine: 'pg_strtoint32_safe'
}
Decoded Token: { user_id: 5, role: 'Super Admin', iat: 1769784076, exp: 1772376076 }
Connected to the PostgreSQL database
User found: { user_id: 5, role: 'Super Admin', programme: null, degree: null }
Checking Role: User=Super Admin, Required=Student,Centre Admin,Super Admin
error: value "202420242026" is out of range for type integer
    at /Users/abdulgaffarbello/ACETEL Digital Thesis Repository System (ADTRS)/backend/node_modules/pg-pool/index.js:45:11
    at process.processTicksAndRejections (node:internal/process/task_queues:95:5)
    at async createThesis (/Users/abdulgaffarbello/ACETEL Digital Thesis Repository System (ADTRS)/backend/controllers/thesisController.js:139:27) {
  length: 156,
  severity: 'ERROR',
  code: '22003',
  detail: undefined,
  hint: undefined,
  position: undefined,
  internalPosition: undefined,
  internalQuery: undefined,
  where: "unnamed portal parameter $10 = '...'",
  schema: undefined,
  table: undefined,
  column: undefined,
  dataType: undefined,
  constraint: undefined,
  file: 'numutils.c',
  line: '611',
  routine: 'pg_strtoint32_safe'
}
Decoded Token: { user_id: 5, role: 'Super Admin', iat: 1769784076, exp: 1772376076 }
Connected to the PostgreSQL database
User found: { user_id: 5, role: 'Super Admin', programme: null, degree: null }
Checking Role: User=Super Admin, Required=Student,Centre Admin,Super Admin
error: value "202420242026" is out of range for type integer
    at /Users/abdulgaffarbello/ACETEL Digital Thesis Repository System (ADTRS)/backend/node_modules/pg-pool/index.js:45:11
    at process.processTicksAndRejections (node:internal/process/task_queues:95:5)
    at async createThesis (/Users/abdulgaffarbello/ACETEL Digital Thesis Repository System (ADTRS)/backend/controllers/thesisController.js:139:27) {
  length: 156,
  severity: 'ERROR',
  code: '22003',
  detail: undefined,
  hint: undefined,
  position: undefined,
  internalPosition: undefined,
  internalQuery: undefined,
  where: "unnamed portal parameter $10 = '...'",
  schema: undefined,
  table: undefined,
  column: undefined,
  dataType: undefined,
  constraint: undefined,
  file: 'numutils.c',
  line: '611',
  routine: 'pg_strtoint32_safe'
}
Login attempt for: superadmin@acetel.noun.edu.ng
Connected to the PostgreSQL database
Password match: true
Decoded Token: { user_id: 5, role: 'Super Admin', iat: 1769784375, exp: 1772376375 }
Decoded Token: { user_id: 5, role: 'Super Admin', iat: 1769784375, exp: 1772376375 }
User found: { user_id: 5, role: 'Super Admin', programme: null, degree: null }
Checking Role: User=Super Admin, Required=Super Admin,Centre Admin
Decoded Token: { user_id: 5, role: 'Super Admin', iat: 1769784375, exp: 1772376375 }
Connected to the PostgreSQL database
User found: { user_id: 5, role: 'Super Admin', programme: null, degree: null }
Checking Role: User=Super Admin, Required=Super Admin,Centre Admin
User found: { user_id: 5, role: 'Super Admin', programme: null, degree: null }
Checking Role: User=Super Admin, Required=Super Admin,Centre Admin
Decoded Token: { user_id: 5, role: 'Super Admin', iat: 1769784375, exp: 1772376375 }
User found: { user_id: 5, role: 'Super Admin', programme: null, degree: null }
Checking Role: User=Super Admin, Required=Super Admin,Centre Admin
Decoded Token: { user_id: 5, role: 'Super Admin', iat: 1769784375, exp: 1772376375 }
Connected to the PostgreSQL database
User found: { user_id: 5, role: 'Super Admin', programme: null, degree: null }
Checking Role: User=Super Admin, Required=Student,Centre Admin,Super Admin
Decoded Token: { user_id: 5, role: 'Super Admin', iat: 1769784375, exp: 1772376375 }
Connected to the PostgreSQL database
User found: { user_id: 5, role: 'Super Admin', programme: null, degree: null }
Checking Role: User=Super Admin, Required=Student,Centre Admin,Super Admin
Login attempt for: superadmin@acetel.noun.edu.ng
Connected to the PostgreSQL database
Password match: true
Decoded Token: { user_id: 5, role: 'Super Admin', iat: 1769784532, exp: 1772376532 }
Decoded Token: { user_id: 5, role: 'Super Admin', iat: 1769784532, exp: 1772376532 }
User found: { user_id: 5, role: 'Super Admin', programme: null, degree: null }
Checking Role: User=Super Admin, Required=Super Admin,Centre Admin
Connected to the PostgreSQL database
Decoded Token: { user_id: 5, role: 'Super Admin', iat: 1769784532, exp: 1772376532 }
User found: { user_id: 5, role: 'Super Admin', programme: null, degree: null }
Checking Role: User=Super Admin, Required=Super Admin,Centre Admin
User found: { user_id: 5, role: 'Super Admin', programme: null, degree: null }
Checking Role: User=Super Admin, Required=Super Admin,Centre Admin
Decoded Token: { user_id: 5, role: 'Super Admin', iat: 1769784532, exp: 1772376532 }
User found: { user_id: 5, role: 'Super Admin', programme: null, degree: null }
Checking Role: User=Super Admin, Required=Super Admin,Centre Admin
[32m[nodemon] restarting due to changes...[39m
[32m[nodemon] starting `node server.js`[39m
[32m[nodemon] restarting due to changes...[39m
[32m[nodemon] starting `node server.js`[39m
[dotenv@17.2.3] injecting env (3) from .env -- tip: 🗂️ backup and recover secrets: https://dotenvx.com/ops
[dotenv@17.2.3] injecting env (0) from .env -- tip: ⚙️  enable debug logging with { debug: true }
Server running on port 5001
[32m[nodemon] clean exit - waiting for changes before restart[39m
[32m[nodemon] restarting due to changes...[39m
[32m[nodemon] starting `node server.js`[39m
[32m[nodemon] restarting due to changes...[39m
[32m[nodemon] starting `node server.js`[39m
[dotenv@17.2.3] injecting env (3) from .env -- tip: ⚙️  write to custom object with { processEnv: myObject }
[dotenv@17.2.3] injecting env (0) from .env -- tip: ⚙️  enable debug logging with { debug: true }
Server running on port 5001
Login attempt for: superadmin@acetel.noun.edu.ng
Connected to the PostgreSQL database
Password match: true
Decoded Token: { user_id: 5, role: 'Super Admin', iat: 1769784865, exp: 1772376865 }
User found: { user_id: 5, role: 'Super Admin', programme: null, degree: null }
Checking Role: User=Super Admin, Required=Student,Centre Admin,Super Admin
Connected to the PostgreSQL database
[31m[nodemon] app crashed - waiting for file changes before starting...[39m
